#
# There is insufficient memory for the Java Runtime Environment to continue.
# Native memory allocation (malloc) failed to allocate 1797536 bytes for Chunk::new
# Possible reasons:
#   The system is out of physical RAM or swap space
#   In 32 bit mode, the process size limit was hit
# Possible solutions:
#   Reduce memory load on the system
#   Increase physical memory or swap space
#   Check if swap backing store is full
#   Use 64 bit Java on a 64 bit OS
#   Decrease Java heap size (-Xmx/-Xms)
#   Decrease number of Java threads
#   Decrease Java thread stack sizes (-Xss)
#   Set larger code cache with -XX:ReservedCodeCacheSize=
# This output file may be truncated or incomplete.
#
#  Out of Memory Error (allocation.cpp:390), pid=7212, tid=11864
#
# JRE version: Java(TM) SE Runtime Environment (8.0_91-b15) (build 1.8.0_91-b15)
# Java VM: Java HotSpot(TM) 64-Bit Server VM (25.91-b15 mixed mode windows-amd64 compressed oops)
# Failed to write core dump. Minidumps are not enabled by default on client versions of Windows
#

---------------  T H R E A D  ---------------

Current thread (0x0000000017478800):  JavaThread "C2 CompilerThread2" daemon [_thread_in_native, id=11864, stack(0x0000000017e00000,0x0000000017f00000)]

Stack: [0x0000000017e00000,0x0000000017f00000]
[error occurred during error reporting (printing stack bounds), id 0xc0000005]

Native frames: (J=compiled Java code, j=interpreted, Vv=VM code, C=native code)


Current CompileTask:
C2:   1834 1241   !   4       com.android.dx.cf.cst.ConstantPoolParser::parse0 (731 bytes)


---------------  P R O C E S S  ---------------

Java Threads: ( => current thread )
  0x000000001772f800 JavaThread "pool-2-thread-4" [_thread_in_Java, id=556, stack(0x0000000018e00000,0x0000000018f00000)]
  0x000000001772c800 JavaThread "pool-2-thread-3" [_thread_blocked, id=11768, stack(0x0000000018d00000,0x0000000018e00000)]
  0x000000001772c000 JavaThread "pool-2-thread-2" [_thread_blocked, id=12280, stack(0x0000000018c00000,0x0000000018d00000)]
  0x000000001776e000 JavaThread "pool-3-thread-1" [_thread_blocked, id=11692, stack(0x0000000018b00000,0x0000000018c00000)]
  0x000000001776d800 JavaThread "pool-2-thread-1" [_thread_blocked, id=9644, stack(0x0000000018a00000,0x0000000018b00000)]
  0x0000000017480800 JavaThread "Service Thread" daemon [_thread_blocked, id=3148, stack(0x0000000018000000,0x0000000018100000)]
  0x000000001747b800 JavaThread "C1 CompilerThread3" daemon [_thread_blocked, id=5016, stack(0x0000000017f00000,0x0000000018000000)]
=>0x0000000017478800 JavaThread "C2 CompilerThread2" daemon [_thread_in_native, id=11864, stack(0x0000000017e00000,0x0000000017f00000)]
  0x0000000017473800 JavaThread "C2 CompilerThread1" daemon [_thread_in_native, id=11524, stack(0x0000000017d00000,0x0000000017e00000)]
  0x0000000017418000 JavaThread "C2 CompilerThread0" daemon [_thread_in_native, id=11304, stack(0x0000000017c00000,0x0000000017d00000)]
  0x0000000017416800 JavaThread "Attach Listener" daemon [_thread_blocked, id=11664, stack(0x0000000017b00000,0x0000000017c00000)]
  0x000000001551e800 JavaThread "Signal Dispatcher" daemon [_thread_blocked, id=2140, stack(0x0000000017a00000,0x0000000017b00000)]
  0x0000000017410800 JavaThread "Finalizer" daemon [_thread_blocked, id=3604, stack(0x00000000177f0000,0x00000000178f0000)]
  0x00000000029b6000 JavaThread "Reference Handler" daemon [_thread_blocked, id=12260, stack(0x00000000172f0000,0x00000000173f0000)]
  0x00000000028c1000 JavaThread "main" [_thread_blocked, id=5784, stack(0x00000000027c0000,0x00000000028c0000)]

Other Threads:
  0x0000000015509800 VMThread [stack: 0x00000000171f0000,0x00000000172f0000] [id=2980]
  0x0000000017488000 WatcherThread [stack: 0x0000000018100000,0x0000000018200000] [id=11788]

VM state:not at safepoint (normal execution)

VM Mutex/Monitor currently owned by a thread: None

Heap:
 PSYoungGen      total 57344K, used 13691K [0x00000000eab00000, 0x00000000eeb00000, 0x0000000100000000)
  eden space 49152K, 11% used [0x00000000eab00000,0x00000000eb062cb0,0x00000000edb00000)
  from space 8192K, 99% used [0x00000000edb00000,0x00000000ee2fc260,0x00000000ee300000)
  to   space 8192K, 0% used [0x00000000ee300000,0x00000000ee300000,0x00000000eeb00000)
 ParOldGen       total 131072K, used 949K [0x00000000c0000000, 0x00000000c8000000, 0x00000000eab00000)
  object space 131072K, 0% used [0x00000000c0000000,0x00000000c00ed528,0x00000000c8000000)
 Metaspace       used 6115K, capacity 7026K, committed 7296K, reserved 1056768K
  class space    used 599K, capacity 618K, committed 640K, reserved 1048576K

Card table byte_map: [0x0000000011d90000,0x0000000011fa0000] byte_map_base: 0x0000000011790000

Marking Bits: (ParMarkBitMap*) 0x000000005bcf2f70
 Begin Bits: [0x0000000012900000, 0x0000000013900000)
 End Bits:   [0x0000000013900000, 0x0000000014900000)

Polling page: 0x0000000000ed0000

CodeCache: size=245760Kb used=5293Kb max_used=5305Kb free=240466Kb
 bounds [0x00000000029d0000, 0x0000000002f10000, 0x00000000119d0000]
 total_blobs=1572 nmethods=1304 adapters=181
 compilation: enabled

Compilation events (10 events):
Event: 1.811 Thread 0x000000001747b800 nmethod 1306 0x0000000002ef52d0 code [0x0000000002ef5480, 0x0000000002ef5978]
Event: 1.811 Thread 0x000000001747b800 1303       3       com.android.dx.cf.attrib.RawAttribute::byteLength (11 bytes)
Event: 1.811 Thread 0x000000001747b800 nmethod 1303 0x0000000002edd350 code [0x0000000002edd4a0, 0x0000000002edd690]
Event: 1.811 Thread 0x000000001747b800 1312       3       com.android.dx.cf.direct.MethodListParser::set (30 bytes)
Event: 1.812 Thread 0x000000001747b800 nmethod 1312 0x0000000002ef7750 code [0x0000000002ef7940, 0x0000000002ef8378]
Event: 1.812 Thread 0x000000001747b800 1313       3       com.android.dx.cf.iface.StdMethod::<init> (40 bytes)
Event: 1.813 Thread 0x000000001747b800 nmethod 1313 0x0000000002ef8bd0 code [0x0000000002ef8da0, 0x0000000002ef9808]
Event: 1.813 Thread 0x000000001747b800 1322       3       com.android.dx.cf.direct.StdAttributeFactory::lineNumberTable (204 bytes)
Event: 1.816 Thread 0x000000001747b800 nmethod 1322 0x0000000002ef9c90 code [0x0000000002efa140, 0x0000000002efce38]
Event: 1.816 Thread 0x000000001747b800 1329       3       java.util.HashMap$HashIterator::<init> (79 bytes)

GC Heap History (2 events):
Event: 1.635 GC heap before
{Heap before GC invocations=1 (full 0):
 PSYoungGen      total 57344K, used 49152K [0x00000000eab00000, 0x00000000eeb00000, 0x0000000100000000)
  eden space 49152K, 100% used [0x00000000eab00000,0x00000000edb00000,0x00000000edb00000)
  from space 8192K, 0% used [0x00000000ee300000,0x00000000ee300000,0x00000000eeb00000)
  to   space 8192K, 0% used [0x00000000edb00000,0x00000000edb00000,0x00000000ee300000)
 ParOldGen       total 131072K, used 0K [0x00000000c0000000, 0x00000000c8000000, 0x00000000eab00000)
  object space 131072K, 0% used [0x00000000c0000000,0x00000000c0000000,0x00000000c8000000)
 Metaspace       used 6049K, capacity 6962K, committed 7040K, reserved 1056768K
  class space    used 598K, capacity 618K, committed 640K, reserved 1048576K
Event: 1.732 GC heap after
Heap after GC invocations=1 (full 0):
 PSYoungGen      total 57344K, used 8176K [0x00000000eab00000, 0x00000000eeb00000, 0x0000000100000000)
  eden space 49152K, 0% used [0x00000000eab00000,0x00000000eab00000,0x00000000edb00000)
  from space 8192K, 99% used [0x00000000edb00000,0x00000000ee2fc260,0x00000000ee300000)
  to   space 8192K, 0% used [0x00000000ee300000,0x00000000ee300000,0x00000000eeb00000)
 ParOldGen       total 131072K, used 949K [0x00000000c0000000, 0x00000000c8000000, 0x00000000eab00000)
  object space 131072K, 0% used [0x00000000c0000000,0x00000000c00ed528,0x00000000c8000000)
 Metaspace       used 6049K, capacity 6962K, committed 7040K, reserved 1056768K
  class space    used 598K, capacity 618K, committed 640K, reserved 1048576K
}

Deoptimization events (3 events):
Event: 1.085 Thread 0x000000001772f800 Uncommon trap: reason=unstable_if action=reinterpret pc=0x0000000002bfc50c method=java.util.HashMap.getNode(ILjava/lang/Object;)Ljava/util/HashMap$Node; @ 129
Event: 1.200 Thread 0x00000000028c1000 Uncommon trap: reason=unstable_if action=reinterpret pc=0x0000000002b98e50 method=java.lang.String.<init>([CII)V @ 18
Event: 1.216 Thread 0x00000000028c1000 Uncommon trap: reason=unstable_if action=reinterpret pc=0x0000000002b855a8 method=java.lang.String.<init>([CII)V @ 18

Internal exceptions (2 events):
Event: 0.162 Thread 0x00000000028c1000 Exception <a 'java/lang/NoSuchMethodError': Method sun.misc.Unsafe.defineClass(Ljava/lang/String;[BII)Ljava/lang/Class; name or signature does not match> (0x00000000eab07cc0) thrown at [C:\re\workspace\8-2-build-windows-amd64-cygwin\jdk8u91\7017\hotspot\srà·y,ÊÄ?
Event: 0.162 Thread 0x00000000028c1000 Exception <a 'java/lang/NoSuchMethodError': Method sun.misc.Unsafe.prefetchRead(Ljava/lang/Object;J)V name or signature does not match> (0x00000000eab07fa8) thrown at [C:\re\workspace\8-2-build-windows-amd64-cygwin\jdk8u91\7017\hotspot\src\share\vm\prims\j

Events (10 events):
Event: 1.347 loading class com/android/dx/cf/code/SwitchList
Event: 1.347 loading class com/android/dx/cf/code/SwitchList done
Event: 1.372 loading class com/android/dx/cf/code/BytecodeArray$ConstantParserVisitor
Event: 1.372 loading class com/android/dx/cf/code/BytecodeArray$ConstantParserVisitor done
Event: 1.500 Executing VM operation: ForceSafepoint
Event: 1.536 Executing VM operation: ForceSafepoint done
Event: 1.630 Executing VM operation: ParallelGCFailedAllocation
Event: 1.732 Executing VM operation: ParallelGCFailedAllocation done
Event: 1.814 loading class com/android/dx/cf/attrib/AttAnnotationDefault
Event: 1.814 loading class com/android/dx/cf/attrib/AttAnnotationDefault done


Dynamic libraries:
0x00007ff6f79f0000 - 0x00007ff6f7a27000 	C:\Program Files\Java\jdk1.8.0_91\bin\java.exe
0x00007ffbc1650000 - 0x00007ffbc1811000 	C:\Windows\SYSTEM32\ntdll.dll
0x00007ffbbf6e0000 - 0x00007ffbbf78d000 	C:\Windows\system32\KERNEL32.DLL
0x00007ffbbe860000 - 0x00007ffbbea48000 	C:\Windows\system32\KERNELBASE.dll
0x00007ffbc1590000 - 0x00007ffbc1637000 	C:\Windows\system32\ADVAPI32.dll
0x00007ffbbf350000 - 0x00007ffbbf3ed000 	C:\Windows\system32\msvcrt.dll
0x00007ffbc1320000 - 0x00007ffbc137b000 	C:\Windows\system32\sechost.dll
0x00007ffbbef50000 - 0x00007ffbbf06c000 	C:\Windows\system32\RPCRT4.dll
0x00007ffbc1380000 - 0x00007ffbc14d6000 	C:\Windows\system32\USER32.dll
0x00007ffbc0f70000 - 0x00007ffbc10f6000 	C:\Windows\system32\GDI32.dll
0x00007ffbae390000 - 0x00007ffbae604000 	C:\Windows\WinSxS\amd64_microsoft.windows.common-controls_6595b64144ccf1df_6.0.10586.0_none_8c15ae12515e1c22\COMCTL32.dll
0x00007ffbbf0d0000 - 0x00007ffbbf34d000 	C:\Windows\system32\combase.dll
0x00007ffbbdd00000 - 0x00007ffbbdd6a000 	C:\Windows\system32\bcryptPrimitives.dll
0x00007ffbbf400000 - 0x00007ffbbf43b000 	C:\Windows\system32\IMM32.DLL
0x000000005af50000 - 0x000000005b022000 	C:\Program Files\Java\jdk1.8.0_91\jre\bin\msvcr100.dll
0x000000005b4e0000 - 0x000000005bd73000 	C:\Program Files\Java\jdk1.8.0_91\jre\bin\server\jvm.dll
0x00007ffbc1640000 - 0x00007ffbc1648000 	C:\Windows\system32\PSAPI.DLL
0x00007ffbae610000 - 0x00007ffbae619000 	C:\Windows\SYSTEM32\WSOCK32.dll
0x00007ffbc1100000 - 0x00007ffbc116b000 	C:\Windows\system32\WS2_32.dll
0x00007ffbbc090000 - 0x00007ffbbc0b3000 	C:\Windows\SYSTEM32\WINMM.dll
0x00007ffbb0540000 - 0x00007ffbb054a000 	C:\Windows\SYSTEM32\VERSION.dll
0x00007ffbbc030000 - 0x00007ffbbc05c000 	C:\Windows\SYSTEM32\WINMMBASE.dll
0x00007ffbbdd70000 - 0x00007ffbbddb3000 	C:\Windows\system32\cfgmgr32.dll
0x000000005c240000 - 0x000000005c24f000 	C:\Program Files\Java\jdk1.8.0_91\jre\bin\verify.dll
0x000000005b3d0000 - 0x000000005b3f9000 	C:\Program Files\Java\jdk1.8.0_91\jre\bin\java.dll
0x000000005b3b0000 - 0x000000005b3c6000 	C:\Program Files\Java\jdk1.8.0_91\jre\bin\zip.dll
0x00007ffbbfa10000 - 0x00007ffbc0f6c000 	C:\Windows\system32\SHELL32.dll
0x00007ffbbe160000 - 0x00007ffbbe7a4000 	C:\Windows\system32\windows.storage.dll
0x00007ffbbea50000 - 0x00007ffbbeaa2000 	C:\Windows\system32\shlwapi.dll
0x00007ffbbdcf0000 - 0x00007ffbbdcff000 	C:\Windows\system32\kernel.appcore.dll
0x00007ffbbddc0000 - 0x00007ffbbde75000 	C:\Windows\system32\shcore.dll
0x00007ffbbdc80000 - 0x00007ffbbdccb000 	C:\Windows\system32\powrprof.dll
0x00007ffbbdcd0000 - 0x00007ffbbdce4000 	C:\Windows\system32\profapi.dll

VM Arguments:
jvm_args: -Djava.awt.headless=true -Xmx1024M -Dfile.encoding=windows-1252 -Duser.country=EC -Duser.language=es -Duser.variant 
java_command: com.android.dx.command.Main --dex --force-jumbo --num-threads=4 --multi-dex --output C:\proyectosAndroidGit\AdminLibrosMov\app\build\intermediates\transforms\dex\debug\folders\1000\10\jackson-databind-2.3.2_1dcd5791e8c8d40009a5ef6501c00e3988cb71d3 C:\Users\PedroW10\.gradle\caches\modules-2\files-2.1\com.fasterxml.jackson.core\jackson-databind\2.3.2\c75edc740a6d8cb1cef6fa82fa594e0bce561916\jackson-databind-2.3.2.jar
java_class_path (initial): C:\Users\PedroW10\AppData\Local\Android\sdk\build-tools\23.0.3\lib\dx.jar
Launcher Type: SUN_STANDARD

Environment Variables:
PATH=C:\ProgramData\Oracle\Java\javapath;C:\Windows\system32;C:\Windows;C:\Windows\System32\Wbem;C:\Windows\System32\WindowsPowerShell\v1.0\;C:\Program Files\nodejs\;C:\Program Files\Git\cmd;C:\Program Files (x86)\MySQL\MySQL Fabric 1.5 & MySQL Utilities 1.5\;C:\Program Files (x86)\MySQL\MySQL Fabric 1.5 & MySQL Utilities 1.5\Doctrine extensions for PHP\;C:\Users\PedroW10\AppData\Local\Android\sdk\platform-tools;C:\Users\PedroW10\AppData\Local\Android\sdk\tools;C:\Program Files\apache-ant-1.9.7\bin;C:\Program Files\Java\jdk1.8.0_91\bin;C:\Program Files (x86)\sonar-runner-2.4\bin;C:\HashiCorp\Vagrant\bin;C:\Users\PedroW10\AppData\Roaming\npm;C:\Program Files (x86)\EaseUS\Todo Backup\bin\x64\
USERNAME=PedroW10
OS=Windows_NT
PROCESSOR_IDENTIFIER=Intel64 Family 6 Model 60 Stepping 3, GenuineIntel



---------------  S Y S T E M  ---------------

OS: Windows 10.0 , 64 bit Build 10586 (10.0.10586.0)

CPU:total 8 (4 cores per cpu, 2 threads per core) family 6 model 60 stepping 3, cmov, cx8, fxsr, mmx, sse, sse2, sse3, ssse3, sse4.1, sse4.2, popcnt, avx, avx2, aes, clmul, erms, lzcnt, ht, tsc, tscinvbit, bmi1, bmi2

Memory: 4k page, physical 12497068k(1831784k free), swap 12497068k(5688k free)

vm_info: Java HotSpot(TM) 64-Bit Server VM (25.91-b15) for windows-amd64 JRE (1.8.0_91-b15), built on May 20 2016 17:43:15 by "java_re" with MS VC++ 10.0 (VS2010)

time: Mon Jul 18 17:43:25 2016
elapsed time: 1 seconds (0d 0h 0m 1s)

