#
# There is insufficient memory for the Java Runtime Environment to continue.
# Native memory allocation (malloc) failed to allocate 346736 bytes for Chunk::new
# Possible reasons:
#   The system is out of physical RAM or swap space
#   In 32 bit mode, the process size limit was hit
# Possible solutions:
#   Reduce memory load on the system
#   Increase physical memory or swap space
#   Check if swap backing store is full
#   Use 64 bit Java on a 64 bit OS
#   Decrease Java heap size (-Xmx/-Xms)
#   Decrease number of Java threads
#   Decrease Java thread stack sizes (-Xss)
#   Set larger code cache with -XX:ReservedCodeCacheSize=
# This output file may be truncated or incomplete.
#
#  Out of Memory Error (allocation.cpp:390), pid=7664, tid=10008
#
# JRE version: Java(TM) SE Runtime Environment (8.0_91-b15) (build 1.8.0_91-b15)
# Java VM: Java HotSpot(TM) 64-Bit Server VM (25.91-b15 mixed mode windows-amd64 compressed oops)
# Failed to write core dump. Minidumps are not enabled by default on client versions of Windows
#

---------------  T H R E A D  ---------------

Current thread (0x0000000016f9f800):  JavaThread "C2 CompilerThread1" daemon [_thread_in_native, id=10008, stack(0x0000000017870000,0x0000000017970000)]

Stack: [0x0000000017870000,0x0000000017970000]
[error occurred during error reporting (printing stack bounds), id 0xc0000005]

Native frames: (J=compiled Java code, j=interpreted, Vv=VM code, C=native code)


Current CompileTask:
C2:   2004 1495       4       com.android.dx.cf.code.ValueAwareMachine::run (1142 bytes)


---------------  P R O C E S S  ---------------

Java Threads: ( => current thread )
  0x00000000171ff800 JavaThread "pool-2-thread-4" [_thread_in_Java, id=3596, stack(0x0000000018170000,0x0000000018270000)]
  0x00000000171dd800 JavaThread "pool-2-thread-3" [_thread_blocked, id=11272, stack(0x0000000018070000,0x0000000018170000)]
  0x00000000171da800 JavaThread "pool-2-thread-2" [_thread_blocked, id=11860, stack(0x0000000017f70000,0x0000000018070000)]
  0x00000000171ca800 JavaThread "pool-3-thread-1" [_thread_blocked, id=10940, stack(0x0000000017e70000,0x0000000017f70000)]
  0x00000000171ca000 JavaThread "pool-2-thread-1" [_thread_blocked, id=776, stack(0x0000000017d70000,0x0000000017e70000)]
  0x0000000017045000 JavaThread "Service Thread" daemon [_thread_blocked, id=4372, stack(0x0000000017b70000,0x0000000017c70000)]
  0x0000000016fac000 JavaThread "C1 CompilerThread3" daemon [_thread_blocked, id=7616, stack(0x0000000017a70000,0x0000000017b70000)]
  0x0000000016fa7000 JavaThread "C2 CompilerThread2" daemon [_thread_in_native, id=9516, stack(0x0000000017970000,0x0000000017a70000)]
=>0x0000000016f9f800 JavaThread "C2 CompilerThread1" daemon [_thread_in_native, id=10008, stack(0x0000000017870000,0x0000000017970000)]
  0x0000000016f9b000 JavaThread "C2 CompilerThread0" daemon [_thread_in_native, id=5920, stack(0x0000000017770000,0x0000000017870000)]
  0x0000000016f97800 JavaThread "Attach Listener" daemon [_thread_blocked, id=3208, stack(0x0000000017670000,0x0000000017770000)]
  0x000000001508e800 JavaThread "Signal Dispatcher" daemon [_thread_blocked, id=5184, stack(0x0000000017570000,0x0000000017670000)]
  0x0000000016f90800 JavaThread "Finalizer" daemon [_thread_blocked, id=9228, stack(0x0000000017370000,0x0000000017470000)]
  0x0000000002536000 JavaThread "Reference Handler" daemon [_thread_blocked, id=11024, stack(0x0000000016e70000,0x0000000016f70000)]
  0x0000000002441000 JavaThread "main" [_thread_in_Java, id=7344, stack(0x0000000002340000,0x0000000002440000)]

Other Threads:
  0x0000000015079800 VMThread [stack: 0x0000000016d70000,0x0000000016e70000] [id=6552]
  0x0000000017057000 WatcherThread [stack: 0x0000000017c70000,0x0000000017d70000] [id=11176]

VM state:not at safepoint (normal execution)

VM Mutex/Monitor currently owned by a thread: None

Heap:
 PSYoungGen      total 57344K, used 35619K [0x00000000eab00000, 0x00000000eeb00000, 0x0000000100000000)
  eden space 49152K, 55% used [0x00000000eab00000,0x00000000ec5cc480,0x00000000edb00000)
  from space 8192K, 99% used [0x00000000edb00000,0x00000000ee2fc908,0x00000000ee300000)
  to   space 8192K, 0% used [0x00000000ee300000,0x00000000ee300000,0x00000000eeb00000)
 ParOldGen       total 131072K, used 602K [0x00000000c0000000, 0x00000000c8000000, 0x00000000eab00000)
  object space 131072K, 0% used [0x00000000c0000000,0x00000000c0096a98,0x00000000c8000000)
 Metaspace       used 6219K, capacity 7064K, committed 7424K, reserved 1056768K
  class space    used 617K, capacity 656K, committed 768K, reserved 1048576K

Card table byte_map: [0x0000000011900000,0x0000000011b10000] byte_map_base: 0x0000000011300000

Marking Bits: (ParMarkBitMap*) 0x000000005bcf2f70
 Begin Bits: [0x0000000012470000, 0x0000000013470000)
 End Bits:   [0x0000000013470000, 0x0000000014470000)

Polling page: 0x0000000000670000

CodeCache: size=245760Kb used=6414Kb max_used=6430Kb free=239345Kb
 bounds [0x0000000002540000, 0x0000000002b90000, 0x0000000011540000]
 total_blobs=1782 nmethods=1514 adapters=181
 compilation: enabled

Compilation events (10 events):
Event: 1.941 Thread 0x0000000016fac000 1525       3       com.android.dx.ssa.MoveParamCombiner::<init> (10 bytes)
Event: 1.941 Thread 0x0000000016fac000 nmethod 1525 0x0000000002b30790 code [0x0000000002b308e0, 0x0000000002b30ab0]
Event: 1.941 Thread 0x0000000016fac000 1526       3       com.android.dx.ssa.MoveParamCombiner::run (45 bytes)
Event: 1.942 Thread 0x0000000016fac000 nmethod 1526 0x0000000002b83e90 code [0x0000000002b84060, 0x0000000002b84918]
Event: 1.942 Thread 0x0000000016fac000 1529       3       com.android.dx.rop.code.LocalVariableExtractor::extract (14 bytes)
Event: 1.942 Thread 0x0000000016fac000 nmethod 1529 0x0000000002b84d50 code [0x0000000002b84ec0, 0x0000000002b850b8]
Event: 1.969 Thread 0x0000000016fa7000 nmethod 1479 0x0000000002b895d0 code [0x0000000002b897e0, 0x0000000002b8af78]
Event: 1.969 Thread 0x0000000016fa7000 1414       4       com.android.dx.rop.code.SourcePosition::<init> (50 bytes)
Event: 1.969 Thread 0x0000000016fa7000 nmethod 1414 0x0000000002b49510 code [0x0000000002b49640, 0x0000000002b496f8]
Event: 1.969 Thread 0x0000000016fa7000 1501       4       com.android.dx.rop.code.Rops::ropFor (771 bytes)

GC Heap History (2 events):
Event: 1.467 GC heap before
{Heap before GC invocations=1 (full 0):
 PSYoungGen      total 57344K, used 49152K [0x00000000eab00000, 0x00000000eeb00000, 0x0000000100000000)
  eden space 49152K, 100% used [0x00000000eab00000,0x00000000edb00000,0x00000000edb00000)
  from space 8192K, 0% used [0x00000000ee300000,0x00000000ee300000,0x00000000eeb00000)
  to   space 8192K, 0% used [0x00000000edb00000,0x00000000edb00000,0x00000000ee300000)
 ParOldGen       total 131072K, used 0K [0x00000000c0000000, 0x00000000c8000000, 0x00000000eab00000)
  object space 131072K, 0% used [0x00000000c0000000,0x00000000c0000000,0x00000000c8000000)
 Metaspace       used 6108K, capacity 7000K, committed 7168K, reserved 1056768K
  class space    used 617K, capacity 656K, committed 768K, reserved 1048576K
Event: 1.494 GC heap after
Heap after GC invocations=1 (full 0):
 PSYoungGen      total 57344K, used 8178K [0x00000000eab00000, 0x00000000eeb00000, 0x0000000100000000)
  eden space 49152K, 0% used [0x00000000eab00000,0x00000000eab00000,0x00000000edb00000)
  from space 8192K, 99% used [0x00000000edb00000,0x00000000ee2fc908,0x00000000ee300000)
  to   space 8192K, 0% used [0x00000000ee300000,0x00000000ee300000,0x00000000eeb00000)
 ParOldGen       total 131072K, used 602K [0x00000000c0000000, 0x00000000c8000000, 0x00000000eab00000)
  object space 131072K, 0% used [0x00000000c0000000,0x00000000c0096a98,0x00000000c8000000)
 Metaspace       used 6108K, capacity 7000K, committed 7168K, reserved 1056768K
  class space    used 617K, capacity 656K, committed 768K, reserved 1048576K
}

Deoptimization events (10 events):
Event: 1.513 Thread 0x00000000171ff800 Uncommon trap: reason=bimorphic action=maybe_recompile pc=0x0000000002a458bc method=com.android.dx.cf.code.BytecodeArray.parseInstruction(ILcom/android/dx/cf/code/BytecodeArray$Visitor;)I @ 1501
Event: 1.513 Thread 0x00000000171ff800 Uncommon trap: reason=bimorphic action=maybe_recompile pc=0x0000000002a45460 method=com.android.dx.cf.code.BytecodeArray.parseInstruction(ILcom/android/dx/cf/code/BytecodeArray$Visitor;)I @ 2281
Event: 1.514 Thread 0x00000000171ff800 Uncommon trap: reason=bimorphic action=maybe_recompile pc=0x0000000002a458bc method=com.android.dx.cf.code.BytecodeArray.parseInstruction(ILcom/android/dx/cf/code/BytecodeArray$Visitor;)I @ 1501
Event: 1.569 Thread 0x00000000171ff800 Uncommon trap: reason=unstable_if action=reinterpret pc=0x0000000002a2ced4 method=com.android.dx.ssa.LiteralOpUpgrader$1.visitNonMoveInsn(Lcom/android/dx/ssa/NormalSsaInsn;)V @ 176
Event: 1.794 Thread 0x00000000171ca000 Uncommon trap: reason=bimorphic action=maybe_recompile pc=0x0000000002a2898c method=com.android.dx.ssa.LiteralOpUpgrader.tryReplacingWithConstant(Lcom/android/dx/ssa/NormalSsaInsn;)Z @ 62
Event: 1.794 Thread 0x00000000171ca000 Uncommon trap: reason=unstable_if action=reinterpret pc=0x00000000028825dc method=com.android.dx.ssa.SsaMethod.updateOneDefinition(Lcom/android/dx/ssa/SsaInsn;Lcom/android/dx/rop/code/RegisterSpec;)V @ 4
Event: 1.796 Thread 0x00000000171ca000 Uncommon trap: reason=unstable_if action=reinterpret pc=0x00000000029db6c4 method=java.util.BitSet.clone()Ljava/lang/Object; @ 4
Event: 1.812 Thread 0x00000000171ff800 Uncommon trap: reason=unstable_if action=reinterpret pc=0x00000000029a7f34 method=com.android.dx.ssa.SCCP.simulateStmt(Lcom/android/dx/ssa/SsaInsn;)V @ 53
Event: 1.816 Thread 0x00000000171ca000 Uncommon trap: reason=bimorphic action=maybe_recompile pc=0x0000000002a2898c method=com.android.dx.ssa.LiteralOpUpgrader.tryReplacingWithConstant(Lcom/android/dx/ssa/NormalSsaInsn;)Z @ 62
Event: 1.821 Thread 0x00000000171ca000 Uncommon trap: reason=bimorphic action=maybe_recompile pc=0x0000000002a2898c method=com.android.dx.ssa.LiteralOpUpgrader.tryReplacingWithConstant(Lcom/android/dx/ssa/NormalSsaInsn;)Z @ 62

Internal exceptions (6 events):
Event: 0.039 Thread 0x0000000002441000 Exception <a 'java/lang/NoSuchMethodError': Method sun.misc.Unsafe.defineClass(Ljava/lang/String;[BII)Ljava/lang/Class; name or signature does not match> (0x00000000eab07cc0) thrown at [C:\re\workspace\8-2-build-windows-amd64-cygwin\jdk8u91\7017\hotspot\src‰
Event: 0.039 Thread 0x0000000002441000 Exception <a 'java/lang/NoSuchMethodError': Method sun.misc.Unsafe.prefetchRead(Ljava/lang/Object;J)V name or signature does not match> (0x00000000eab07fa8) thrown at [C:\re\workspace\8-2-build-windows-amd64-cygwin\jdk8u91\7017\hotspot\src\share\vm\prims\jNif0×
Event: 0.813 Thread 0x00000000171ca000 Implicit null exception at 0x000000000281f7a2 to 0x000000000281f89a
Event: 1.256 Thread 0x00000000171da800 Exception <a 'java/lang/ArrayIndexOutOfBoundsException': 18> (0x00000000ed60b1f8) thrown at [C:\re\workspace\8-2-build-windows-amd64-cygwin\jdk8u91\7017\hotspot\src\share\vm\interpreter\interpreterRuntime.cpp, line 366]
Event: 1.256 Thread 0x00000000171da800 Exception <a 'java/lang/ArrayIndexOutOfBoundsException': 145> (0x00000000ed60cd78) thrown at [C:\re\workspace\8-2-build-windows-amd64-cygwin\jdk8u91\7017\hotspot\src\share\vm\interpreter\interpreterRuntime.cpp, line 366]
Event: 1.257 Thread 0x00000000171da800 Exception <a 'java/lang/ArrayIndexOutOfBoundsException': 40> (0x00000000ed60e060) thrown at [C:\re\workspace\8-2-build-windows-amd64-cygwin\jdk8u91\7017\hotspot\src\share\vm\interpreter\interpreterRuntime.cpp, line 366]

Events (10 events):
Event: 1.796 Thread 0x00000000171ca000 DEOPT UNPACKING pc=0x000000000258582a sp=0x0000000017e6e9f8 mode 2
Event: 1.812 Thread 0x00000000171ff800 Uncommon trap: trap_request=0xffffff65 fr.pc=0x00000000029a7f34
Event: 1.812 Thread 0x00000000171ff800 DEOPT PACKING pc=0x00000000029a7f34 sp=0x000000001826e830
Event: 1.812 Thread 0x00000000171ff800 DEOPT UNPACKING pc=0x000000000258582a sp=0x000000001826e7f8 mode 2
Event: 1.816 Thread 0x00000000171ca000 Uncommon trap: trap_request=0xffffffc6 fr.pc=0x0000000002a2898c
Event: 1.817 Thread 0x00000000171ca000 DEOPT PACKING pc=0x0000000002a2898c sp=0x0000000017e6eaa0
Event: 1.817 Thread 0x00000000171ca000 DEOPT UNPACKING pc=0x000000000258582a sp=0x0000000017e6ea40 mode 2
Event: 1.821 Thread 0x00000000171ca000 Uncommon trap: trap_request=0xffffffc6 fr.pc=0x0000000002a2898c
Event: 1.821 Thread 0x00000000171ca000 DEOPT PACKING pc=0x0000000002a2898c sp=0x0000000017e6eaa0
Event: 1.821 Thread 0x00000000171ca000 DEOPT UNPACKING pc=0x000000000258582a sp=0x0000000017e6ea40 mode 2


Dynamic libraries:
0x00007ff62c6f0000 - 0x00007ff62c727000 	C:\Program Files\Java\jdk1.8.0_91\bin\java.exe
0x00007ffbc1650000 - 0x00007ffbc1811000 	C:\Windows\SYSTEM32\ntdll.dll
0x00007ffbbf6e0000 - 0x00007ffbbf78d000 	C:\Windows\system32\KERNEL32.DLL
0x00007ffbbe860000 - 0x00007ffbbea48000 	C:\Windows\system32\KERNELBASE.dll
0x00007ffbc1590000 - 0x00007ffbc1637000 	C:\Windows\system32\ADVAPI32.dll
0x00007ffbbf350000 - 0x00007ffbbf3ed000 	C:\Windows\system32\msvcrt.dll
0x00007ffbc1320000 - 0x00007ffbc137b000 	C:\Windows\system32\sechost.dll
0x00007ffbbef50000 - 0x00007ffbbf06c000 	C:\Windows\system32\RPCRT4.dll
0x00007ffbc1380000 - 0x00007ffbc14d6000 	C:\Windows\system32\USER32.dll
0x00007ffbc0f70000 - 0x00007ffbc10f6000 	C:\Windows\system32\GDI32.dll
0x00007ffbae390000 - 0x00007ffbae604000 	C:\Windows\WinSxS\amd64_microsoft.windows.common-controls_6595b64144ccf1df_6.0.10586.0_none_8c15ae12515e1c22\COMCTL32.dll
0x00007ffbbf0d0000 - 0x00007ffbbf34d000 	C:\Windows\system32\combase.dll
0x00007ffbbdd00000 - 0x00007ffbbdd6a000 	C:\Windows\system32\bcryptPrimitives.dll
0x00007ffbbf400000 - 0x00007ffbbf43b000 	C:\Windows\system32\IMM32.DLL
0x000000005a4f0000 - 0x000000005a5c2000 	C:\Program Files\Java\jdk1.8.0_91\jre\bin\msvcr100.dll
0x000000005b4e0000 - 0x000000005bd73000 	C:\Program Files\Java\jdk1.8.0_91\jre\bin\server\jvm.dll
0x00007ffbc1640000 - 0x00007ffbc1648000 	C:\Windows\system32\PSAPI.DLL
0x00007ffbae610000 - 0x00007ffbae619000 	C:\Windows\SYSTEM32\WSOCK32.dll
0x00007ffbbc090000 - 0x00007ffbbc0b3000 	C:\Windows\SYSTEM32\WINMM.dll
0x00007ffbb0540000 - 0x00007ffbb054a000 	C:\Windows\SYSTEM32\VERSION.dll
0x00007ffbc1100000 - 0x00007ffbc116b000 	C:\Windows\system32\WS2_32.dll
0x00007ffbbc030000 - 0x00007ffbbc05c000 	C:\Windows\SYSTEM32\WINMMBASE.dll
0x00007ffbbdd70000 - 0x00007ffbbddb3000 	C:\Windows\system32\cfgmgr32.dll
0x000000005c240000 - 0x000000005c24f000 	C:\Program Files\Java\jdk1.8.0_91\jre\bin\verify.dll
0x000000005b3d0000 - 0x000000005b3f9000 	C:\Program Files\Java\jdk1.8.0_91\jre\bin\java.dll
0x000000005b3b0000 - 0x000000005b3c6000 	C:\Program Files\Java\jdk1.8.0_91\jre\bin\zip.dll
0x00007ffbbfa10000 - 0x00007ffbc0f6c000 	C:\Windows\system32\SHELL32.dll
0x00007ffbbe160000 - 0x00007ffbbe7a4000 	C:\Windows\system32\windows.storage.dll
0x00007ffbbea50000 - 0x00007ffbbeaa2000 	C:\Windows\system32\shlwapi.dll
0x00007ffbbdcf0000 - 0x00007ffbbdcff000 	C:\Windows\system32\kernel.appcore.dll
0x00007ffbbddc0000 - 0x00007ffbbde75000 	C:\Windows\system32\shcore.dll
0x00007ffbbdc80000 - 0x00007ffbbdccb000 	C:\Windows\system32\powrprof.dll
0x00007ffbbdcd0000 - 0x00007ffbbdce4000 	C:\Windows\system32\profapi.dll

VM Arguments:
jvm_args: -Djava.awt.headless=true -Xmx1024M -Dfile.encoding=windows-1252 -Duser.country=EC -Duser.language=es -Duser.variant 
java_command: com.android.dx.command.Main --dex --force-jumbo --num-threads=4 --multi-dex --output C:\proyectosAndroidGit\AdminLibrosMov\app\build\intermediates\transforms\dex\debug\folders\1000\10\jackson-core-2.3.2_a1fbd95fe60cb3f3a3ff0978d133bfa1f5515d72 C:\Users\PedroW10\.gradle\caches\modules-2\files-2.1\com.fasterxml.jackson.core\jackson-core\2.3.2\559b70ac8a0d5cad611da4223137a920147201ba\jackson-core-2.3.2.jar
java_class_path (initial): C:\Users\PedroW10\AppData\Local\Android\sdk\build-tools\23.0.3\lib\dx.jar
Launcher Type: SUN_STANDARD

Environment Variables:
PATH=C:\ProgramData\Oracle\Java\javapath;C:\Windows\system32;C:\Windows;C:\Windows\System32\Wbem;C:\Windows\System32\WindowsPowerShell\v1.0\;C:\Program Files\nodejs\;C:\Program Files\Git\cmd;C:\Program Files (x86)\MySQL\MySQL Fabric 1.5 & MySQL Utilities 1.5\;C:\Program Files (x86)\MySQL\MySQL Fabric 1.5 & MySQL Utilities 1.5\Doctrine extensions for PHP\;C:\Users\PedroW10\AppData\Local\Android\sdk\platform-tools;C:\Users\PedroW10\AppData\Local\Android\sdk\tools;C:\Program Files\apache-ant-1.9.7\bin;C:\Program Files\Java\jdk1.8.0_91\bin;C:\Program Files (x86)\sonar-runner-2.4\bin;C:\HashiCorp\Vagrant\bin;C:\Users\PedroW10\AppData\Roaming\npm;C:\Program Files (x86)\EaseUS\Todo Backup\bin\x64\
USERNAME=PedroW10
OS=Windows_NT
PROCESSOR_IDENTIFIER=Intel64 Family 6 Model 60 Stepping 3, GenuineIntel



---------------  S Y S T E M  ---------------

OS: Windows 10.0 , 64 bit Build 10586 (10.0.10586.0)

CPU:total 8 (4 cores per cpu, 2 threads per core) family 6 model 60 stepping 3, cmov, cx8, fxsr, mmx, sse, sse2, sse3, ssse3, sse4.1, sse4.2, popcnt, avx, avx2, aes, clmul, erms, lzcnt, ht, tsc, tscinvbit, bmi1, bmi2

Memory: 4k page, physical 12497068k(1769668k free), swap 12497068k(5956k free)

vm_info: Java HotSpot(TM) 64-Bit Server VM (25.91-b15) for windows-amd64 JRE (1.8.0_91-b15), built on May 20 2016 17:43:15 by "java_re" with MS VC++ 10.0 (VS2010)

time: Tue Jul 19 08:20:54 2016
elapsed time: 2 seconds (0d 0h 0m 2s)

