#
# There is insufficient memory for the Java Runtime Environment to continue.
# Native memory allocation (malloc) failed to allocate 992256 bytes for Chunk::new
# Possible reasons:
#   The system is out of physical RAM or swap space
#   In 32 bit mode, the process size limit was hit
# Possible solutions:
#   Reduce memory load on the system
#   Increase physical memory or swap space
#   Check if swap backing store is full
#   Use 64 bit Java on a 64 bit OS
#   Decrease Java heap size (-Xmx/-Xms)
#   Decrease number of Java threads
#   Decrease Java thread stack sizes (-Xss)
#   Set larger code cache with -XX:ReservedCodeCacheSize=
# This output file may be truncated or incomplete.
#
#  Out of Memory Error (allocation.cpp:390), pid=6412, tid=9304
#
# JRE version: Java(TM) SE Runtime Environment (8.0_91-b15) (build 1.8.0_91-b15)
# Java VM: Java HotSpot(TM) 64-Bit Server VM (25.91-b15 mixed mode windows-amd64 compressed oops)
# Failed to write core dump. Minidumps are not enabled by default on client versions of Windows
#

---------------  T H R E A D  ---------------

Current thread (0x0000000017429000):  JavaThread "C2 CompilerThread0" daemon [_thread_in_native, id=9304, stack(0x0000000017c00000,0x0000000017d00000)]

Stack: [0x0000000017c00000,0x0000000017d00000]
[error occurred during error reporting (printing stack bounds), id 0xc0000005]

Native frames: (J=compiled Java code, j=interpreted, Vv=VM code, C=native code)


Current CompileTask:
C2:   1470 1023       4       com.android.dx.ssa.SCCP::simulateStmt (481 bytes)


---------------  P R O C E S S  ---------------

Java Threads: ( => current thread )
  0x0000000017624000 JavaThread "pool-2-thread-4" [_thread_in_Java, id=5236, stack(0x0000000018600000,0x0000000018700000)]
  0x0000000017623000 JavaThread "pool-2-thread-3" [_thread_blocked, id=10356, stack(0x0000000018500000,0x0000000018600000)]
  0x000000001761d000 JavaThread "pool-2-thread-2" [_thread_blocked, id=11080, stack(0x0000000018400000,0x0000000018500000)]
  0x000000001761a000 JavaThread "pool-3-thread-1" [_thread_blocked, id=8676, stack(0x0000000018300000,0x0000000018400000)]
  0x000000001760e800 JavaThread "pool-2-thread-1" [_thread_in_Java, id=7548, stack(0x0000000018200000,0x0000000018300000)]
  0x00000000174ce800 JavaThread "Service Thread" daemon [_thread_blocked, id=4172, stack(0x0000000018000000,0x0000000018100000)]
  0x000000001743c000 JavaThread "C1 CompilerThread3" daemon [_thread_in_vm, id=3308, stack(0x0000000017f00000,0x0000000018000000)]
  0x0000000017433800 JavaThread "C2 CompilerThread2" daemon [_thread_in_native, id=10984, stack(0x0000000017e00000,0x0000000017f00000)]
  0x0000000017432000 JavaThread "C2 CompilerThread1" daemon [_thread_in_native, id=8848, stack(0x0000000017d00000,0x0000000017e00000)]
=>0x0000000017429000 JavaThread "C2 CompilerThread0" daemon [_thread_in_native, id=9304, stack(0x0000000017c00000,0x0000000017d00000)]
  0x0000000017428000 JavaThread "Attach Listener" daemon [_thread_blocked, id=5800, stack(0x0000000017b00000,0x0000000017c00000)]
  0x0000000017427000 JavaThread "Signal Dispatcher" daemon [_thread_blocked, id=10816, stack(0x0000000017a00000,0x0000000017b00000)]
  0x0000000017420800 JavaThread "Finalizer" daemon [_thread_blocked, id=11568, stack(0x0000000017800000,0x0000000017900000)]
  0x00000000029d8800 JavaThread "Reference Handler" daemon [_thread_blocked, id=9752, stack(0x0000000017300000,0x0000000017400000)]
  0x00000000028e1000 JavaThread "main" [_thread_blocked, id=1712, stack(0x00000000027d0000,0x00000000028d0000)]

Other Threads:
  0x0000000015519800 VMThread [stack: 0x0000000017200000,0x0000000017300000] [id=2096]
  0x0000000017457000 WatcherThread [stack: 0x0000000018100000,0x0000000018200000] [id=11128]

VM state:not at safepoint (normal execution)

VM Mutex/Monitor currently owned by a thread:  ([mutex/lock_event])
[0x00000000028dbc30] CodeCache_lock - owner thread: 0x0000000000000000

Heap:
 PSYoungGen      total 57344K, used 44276K [0x00000000eab00000, 0x00000000eeb00000, 0x0000000100000000)
  eden space 49152K, 90% used [0x00000000eab00000,0x00000000ed63d3b8,0x00000000edb00000)
  from space 8192K, 0% used [0x00000000ee300000,0x00000000ee300000,0x00000000eeb00000)
  to   space 8192K, 0% used [0x00000000edb00000,0x00000000edb00000,0x00000000ee300000)
 ParOldGen       total 131072K, used 0K [0x00000000c0000000, 0x00000000c8000000, 0x00000000eab00000)
  object space 131072K, 0% used [0x00000000c0000000,0x00000000c0000000,0x00000000c8000000)
 Metaspace       used 5959K, capacity 6898K, committed 7040K, reserved 1056768K
  class space    used 597K, capacity 618K, committed 640K, reserved 1048576K

Card table byte_map: [0x0000000011da0000,0x0000000011fb0000] byte_map_base: 0x00000000117a0000

Marking Bits: (ParMarkBitMap*) 0x000000005bcf2f70
 Begin Bits: [0x0000000012910000, 0x0000000013910000)
 End Bits:   [0x0000000013910000, 0x0000000014910000)

Polling page: 0x0000000001010000

CodeCache: size=245760Kb used=4251Kb max_used=4251Kb free=241508Kb
 bounds [0x00000000029e0000, 0x0000000002e10000, 0x00000000119e0000]
 total_blobs=1410 nmethods=1142 adapters=181
 compilation: enabled

Compilation events (10 events):
Event: 1.468 Thread 0x000000001743c000 nmethod 1156 0x0000000002e04fd0 code [0x0000000002e05140, 0x0000000002e05530]
Event: 1.468 Thread 0x000000001743c000 1166       3       com.android.dx.rop.cst.CstNat::isInstanceInit (13 bytes)
Event: 1.468 Thread 0x000000001743c000 nmethod 1166 0x0000000002e05610 code [0x0000000002e05780, 0x0000000002e05a48]
Event: 1.468 Thread 0x000000001743c000 1165       3       com.android.dx.cf.direct.AttributeListParser::getList (9 bytes)
Event: 1.469 Thread 0x000000001743c000 nmethod 1165 0x0000000002e05b10 code [0x0000000002e05c80, 0x0000000002e05ec8]
Event: 1.469 Thread 0x000000001743c000 1162       3       com.android.dx.cf.iface.StdAttributeList::<init> (6 bytes)
Event: 1.469 Thread 0x000000001743c000 nmethod 1162 0x0000000002e05f90 code [0x0000000002e06100, 0x0000000002e06288]
Event: 1.469 Thread 0x000000001743c000 1163       3       com.android.dx.cf.direct.AttributeListParser::setObserver (6 bytes)
Event: 1.469 Thread 0x000000001743c000 nmethod 1163 0x0000000002e06310 code [0x0000000002e06460, 0x0000000002e065d0]
Event: 1.469 Thread 0x000000001743c000 1164       3       com.android.dx.cf.direct.AttributeListParser::getEndOffset (9 bytes)

GC Heap History (0 events):
No events

Deoptimization events (7 events):
Event: 1.117 Thread 0x000000001760e800 Uncommon trap: reason=unstable_if action=reinterpret pc=0x0000000002bc9dd8 method=java.util.HashMap.getNode(ILjava/lang/Object;)Ljava/util/HashMap$Node; @ 62
Event: 1.149 Thread 0x00000000028e1000 Uncommon trap: reason=unstable_if action=reinterpret pc=0x0000000002b7de58 method=java.lang.String.<init>([CII)V @ 18
Event: 1.186 Thread 0x00000000028e1000 Uncommon trap: reason=unstable_if action=reinterpret pc=0x0000000002b8a5e8 method=java.lang.String.<init>([CII)V @ 18
Event: 1.239 Thread 0x000000001760e800 Uncommon trap: reason=null_check action=make_not_entrant pc=0x0000000002c086a8 method=com.android.dx.rop.type.Type.equals(Ljava/lang/Object;)Z @ 8
Event: 1.402 Thread 0x00000000028e1000 Uncommon trap: reason=unstable_if action=reinterpret pc=0x0000000002ce4db8 method=com.android.dx.cf.code.Ropper.labelToResultIndex(I)I @ 34
Event: 1.460 Thread 0x000000001760e800 Uncommon trap: reason=unstable_if action=reinterpret pc=0x0000000002dc8290 method=com.android.dx.util.LabeledList.set(ILcom/android/dx/util/LabeledItem;)V @ 16
Event: 1.460 Thread 0x000000001760e800 Uncommon trap: reason=unstable_if action=reinterpret pc=0x0000000002d4f660 method=com.android.dx.util.LabeledList.set(ILcom/android/dx/util/LabeledItem;)V @ 16

Internal exceptions (3 events):
Event: 0.042 Thread 0x00000000028e1000 Exception <a 'java/lang/NoSuchMethodError': Method sun.misc.Unsafe.defineClass(Ljava/lang/String;[BII)Ljava/lang/Class; name or signature does not match> (0x00000000eab07cc0) thrown at [C:\re\workspace\8-2-build-windows-amd64-cygwin\jdk8u91\7017\hotspot\srU ½)ÀW¥?
Event: 0.042 Thread 0x00000000028e1000 Exception <a 'java/lang/NoSuchMethodError': Method sun.misc.Unsafe.prefetchRead(Ljava/lang/Object;J)V name or signature does not match> (0x00000000eab07fa8) thrown at [C:\re\workspace\8-2-build-windows-amd64-cygwin\jdk8u91\7017\hotspot\src\share\vm\prims\jîrN|«Òó?
Event: 1.239 Thread 0x000000001760e800 Implicit null exception at 0x0000000002c085a2 to 0x0000000002c0869a

Events (10 events):
Event: 1.402 Thread 0x00000000028e1000 DEOPT PACKING pc=0x0000000002ce4db8 sp=0x00000000028ce4f0
Event: 1.402 Thread 0x00000000028e1000 DEOPT UNPACKING pc=0x0000000002a2582a sp=0x00000000028ce498 mode 2
Event: 1.460 Thread 0x000000001760e800 Uncommon trap: trap_request=0xffffff65 fr.pc=0x0000000002dc8290
Event: 1.460 Thread 0x000000001760e800 DEOPT PACKING pc=0x0000000002dc8290 sp=0x00000000182fe940
Event: 1.460 Thread 0x000000001760e800 DEOPT UNPACKING pc=0x0000000002a2582a sp=0x00000000182fe8d8 mode 2
Event: 1.460 Thread 0x000000001760e800 Uncommon trap: trap_request=0xffffff65 fr.pc=0x0000000002d4f660
Event: 1.460 Thread 0x000000001760e800 DEOPT PACKING pc=0x0000000002d4f660 sp=0x00000000182fe8d0
Event: 1.460 Thread 0x000000001760e800 DEOPT UNPACKING pc=0x0000000002a2582a sp=0x00000000182fe8d0 mode 2
Event: 1.460 Executing VM operation: ForceSafepoint
Event: 1.461 Executing VM operation: ForceSafepoint done


Dynamic libraries:
0x00007ff62c6f0000 - 0x00007ff62c727000 	C:\Program Files\Java\jdk1.8.0_91\bin\java.exe
0x00007ffbc1650000 - 0x00007ffbc1811000 	C:\Windows\SYSTEM32\ntdll.dll
0x00007ffbbf6e0000 - 0x00007ffbbf78d000 	C:\Windows\system32\KERNEL32.DLL
0x00007ffbbe860000 - 0x00007ffbbea48000 	C:\Windows\system32\KERNELBASE.dll
0x00007ffbc1590000 - 0x00007ffbc1637000 	C:\Windows\system32\ADVAPI32.dll
0x00007ffbbf350000 - 0x00007ffbbf3ed000 	C:\Windows\system32\msvcrt.dll
0x00007ffbc1320000 - 0x00007ffbc137b000 	C:\Windows\system32\sechost.dll
0x00007ffbbef50000 - 0x00007ffbbf06c000 	C:\Windows\system32\RPCRT4.dll
0x00007ffbc1380000 - 0x00007ffbc14d6000 	C:\Windows\system32\USER32.dll
0x00007ffbc0f70000 - 0x00007ffbc10f6000 	C:\Windows\system32\GDI32.dll
0x00007ffbae390000 - 0x00007ffbae604000 	C:\Windows\WinSxS\amd64_microsoft.windows.common-controls_6595b64144ccf1df_6.0.10586.0_none_8c15ae12515e1c22\COMCTL32.dll
0x00007ffbbf0d0000 - 0x00007ffbbf34d000 	C:\Windows\system32\combase.dll
0x00007ffbbdd00000 - 0x00007ffbbdd6a000 	C:\Windows\system32\bcryptPrimitives.dll
0x00007ffbbf400000 - 0x00007ffbbf43b000 	C:\Windows\system32\IMM32.DLL
0x000000005a4f0000 - 0x000000005a5c2000 	C:\Program Files\Java\jdk1.8.0_91\jre\bin\msvcr100.dll
0x000000005b4e0000 - 0x000000005bd73000 	C:\Program Files\Java\jdk1.8.0_91\jre\bin\server\jvm.dll
0x00007ffbc1640000 - 0x00007ffbc1648000 	C:\Windows\system32\PSAPI.DLL
0x00007ffbae610000 - 0x00007ffbae619000 	C:\Windows\SYSTEM32\WSOCK32.dll
0x00007ffbbc090000 - 0x00007ffbbc0b3000 	C:\Windows\SYSTEM32\WINMM.dll
0x00007ffbb0540000 - 0x00007ffbb054a000 	C:\Windows\SYSTEM32\VERSION.dll
0x00007ffbc1100000 - 0x00007ffbc116b000 	C:\Windows\system32\WS2_32.dll
0x00007ffbbc030000 - 0x00007ffbbc05c000 	C:\Windows\SYSTEM32\WINMMBASE.dll
0x00007ffbbdd70000 - 0x00007ffbbddb3000 	C:\Windows\system32\cfgmgr32.dll
0x000000005c240000 - 0x000000005c24f000 	C:\Program Files\Java\jdk1.8.0_91\jre\bin\verify.dll
0x000000005b3d0000 - 0x000000005b3f9000 	C:\Program Files\Java\jdk1.8.0_91\jre\bin\java.dll
0x000000005b3b0000 - 0x000000005b3c6000 	C:\Program Files\Java\jdk1.8.0_91\jre\bin\zip.dll
0x00007ffbbfa10000 - 0x00007ffbc0f6c000 	C:\Windows\system32\SHELL32.dll
0x00007ffbbe160000 - 0x00007ffbbe7a4000 	C:\Windows\system32\windows.storage.dll
0x00007ffbbea50000 - 0x00007ffbbeaa2000 	C:\Windows\system32\shlwapi.dll
0x00007ffbbdcf0000 - 0x00007ffbbdcff000 	C:\Windows\system32\kernel.appcore.dll
0x00007ffbbddc0000 - 0x00007ffbbde75000 	C:\Windows\system32\shcore.dll
0x00007ffbbdc80000 - 0x00007ffbbdccb000 	C:\Windows\system32\powrprof.dll
0x00007ffbbdcd0000 - 0x00007ffbbdce4000 	C:\Windows\system32\profapi.dll

VM Arguments:
jvm_args: -Djava.awt.headless=true -Xmx1024M -Dfile.encoding=windows-1252 -Duser.country=EC -Duser.language=es -Duser.variant 
java_command: com.android.dx.command.Main --dex --force-jumbo --num-threads=4 --multi-dex --output C:\proyectosAndroidGit\AdminLibrosMov\app\build\intermediates\transforms\dex\debug\folders\1000\10\jackson-core-2.3.2_a1fbd95fe60cb3f3a3ff0978d133bfa1f5515d72 C:\Users\PedroW10\.gradle\caches\modules-2\files-2.1\com.fasterxml.jackson.core\jackson-core\2.3.2\559b70ac8a0d5cad611da4223137a920147201ba\jackson-core-2.3.2.jar
java_class_path (initial): C:\Users\PedroW10\AppData\Local\Android\sdk\build-tools\23.0.3\lib\dx.jar
Launcher Type: SUN_STANDARD

Environment Variables:
PATH=C:\ProgramData\Oracle\Java\javapath;C:\Windows\system32;C:\Windows;C:\Windows\System32\Wbem;C:\Windows\System32\WindowsPowerShell\v1.0\;C:\Program Files\nodejs\;C:\Program Files\Git\cmd;C:\Program Files (x86)\MySQL\MySQL Fabric 1.5 & MySQL Utilities 1.5\;C:\Program Files (x86)\MySQL\MySQL Fabric 1.5 & MySQL Utilities 1.5\Doctrine extensions for PHP\;C:\Users\PedroW10\AppData\Local\Android\sdk\platform-tools;C:\Users\PedroW10\AppData\Local\Android\sdk\tools;C:\Program Files\apache-ant-1.9.7\bin;C:\Program Files\Java\jdk1.8.0_91\bin;C:\Program Files (x86)\sonar-runner-2.4\bin;C:\HashiCorp\Vagrant\bin;C:\Users\PedroW10\AppData\Roaming\npm;C:\Program Files (x86)\EaseUS\Todo Backup\bin\x64\
USERNAME=PedroW10
OS=Windows_NT
PROCESSOR_IDENTIFIER=Intel64 Family 6 Model 60 Stepping 3, GenuineIntel



---------------  S Y S T E M  ---------------

OS: Windows 10.0 , 64 bit Build 10586 (10.0.10586.0)

CPU:total 8 (4 cores per cpu, 2 threads per core) family 6 model 60 stepping 3, cmov, cx8, fxsr, mmx, sse, sse2, sse3, ssse3, sse4.1, sse4.2, popcnt, avx, avx2, aes, clmul, erms, lzcnt, ht, tsc, tscinvbit, bmi1, bmi2

Memory: 4k page, physical 12497068k(1343184k free), swap 12497068k(5616k free)

vm_info: Java HotSpot(TM) 64-Bit Server VM (25.91-b15) for windows-amd64 JRE (1.8.0_91-b15), built on May 20 2016 17:43:15 by "java_re" with MS VC++ 10.0 (VS2010)

time: Tue Jul 19 08:18:21 2016
elapsed time: 1 seconds (0d 0h 0m 1s)

