#
# There is insufficient memory for the Java Runtime Environment to continue.
# Native memory allocation (malloc) failed to allocate 277296 bytes for Chunk::new
# Possible reasons:
#   The system is out of physical RAM or swap space
#   In 32 bit mode, the process size limit was hit
# Possible solutions:
#   Reduce memory load on the system
#   Increase physical memory or swap space
#   Check if swap backing store is full
#   Use 64 bit Java on a 64 bit OS
#   Decrease Java heap size (-Xmx/-Xms)
#   Decrease number of Java threads
#   Decrease Java thread stack sizes (-Xss)
#   Set larger code cache with -XX:ReservedCodeCacheSize=
# This output file may be truncated or incomplete.
#
#  Out of Memory Error (allocation.cpp:390), pid=11820, tid=9740
#
# JRE version: Java(TM) SE Runtime Environment (8.0_91-b15) (build 1.8.0_91-b15)
# Java VM: Java HotSpot(TM) 64-Bit Server VM (25.91-b15 mixed mode windows-amd64 compressed oops)
# Failed to write core dump. Minidumps are not enabled by default on client versions of Windows
#

---------------  T H R E A D  ---------------

Current thread (0x0000000017680800):  JavaThread "C2 CompilerThread2" daemon [_thread_in_native, id=9740, stack(0x0000000018060000,0x0000000018160000)]

Stack: [0x0000000018060000,0x0000000018160000]
[error occurred during error reporting (printing stack bounds), id 0xc0000005]

Native frames: (J=compiled Java code, j=interpreted, Vv=VM code, C=native code)


Current CompileTask:
C2:   2658 1367       4       com.android.dx.ssa.back.FirstFitLocalCombiningAllocator$1::processInsn (169 bytes)


---------------  P R O C E S S  ---------------

Java Threads: ( => current thread )
  0x00000000184d6000 JavaThread "pool-2-thread-4" [_thread_in_Java, id=6756, stack(0x0000000019060000,0x0000000019160000)]
  0x00000000179d0000 JavaThread "pool-2-thread-3" [_thread_blocked, id=10592, stack(0x0000000018f60000,0x0000000019060000)]
  0x00000000179cf800 JavaThread "pool-2-thread-2" [_thread_blocked, id=5768, stack(0x0000000018e60000,0x0000000018f60000)]
  0x0000000018475000 JavaThread "pool-3-thread-1" [_thread_blocked, id=1712, stack(0x0000000018d60000,0x0000000018e60000)]
  0x0000000018474800 JavaThread "pool-2-thread-1" [_thread_blocked, id=11104, stack(0x0000000018c60000,0x0000000018d60000)]
  0x00000000176a0000 JavaThread "Service Thread" daemon [_thread_blocked, id=7320, stack(0x0000000018260000,0x0000000018360000)]
  0x0000000017683800 JavaThread "C1 CompilerThread3" daemon [_thread_blocked, id=11468, stack(0x0000000018160000,0x0000000018260000)]
=>0x0000000017680800 JavaThread "C2 CompilerThread2" daemon [_thread_in_native, id=9740, stack(0x0000000018060000,0x0000000018160000)]
  0x000000001767e800 JavaThread "C2 CompilerThread1" daemon [_thread_in_native, id=8600, stack(0x0000000017f60000,0x0000000018060000)]
  0x0000000017678000 JavaThread "C2 CompilerThread0" daemon [_thread_in_native, id=10504, stack(0x0000000017e60000,0x0000000017f60000)]
  0x0000000017676800 JavaThread "Attach Listener" daemon [_thread_blocked, id=9580, stack(0x0000000017d60000,0x0000000017e60000)]
  0x000000001576e800 JavaThread "Signal Dispatcher" daemon [_thread_blocked, id=6960, stack(0x0000000017c60000,0x0000000017d60000)]
  0x0000000002c3d800 JavaThread "Finalizer" daemon [_thread_blocked, id=2840, stack(0x0000000017a50000,0x0000000017b50000)]
  0x0000000002c36000 JavaThread "Reference Handler" daemon [_thread_blocked, id=4504, stack(0x0000000017550000,0x0000000017650000)]
  0x0000000002b41000 JavaThread "main" [_thread_blocked, id=5196, stack(0x0000000002a00000,0x0000000002b00000)]

Other Threads:
  0x0000000015759800 VMThread [stack: 0x0000000017450000,0x0000000017550000] [id=556]
  0x00000000176a2800 WatcherThread [stack: 0x0000000018360000,0x0000000018460000] [id=8548]

VM state:not at safepoint (normal execution)

VM Mutex/Monitor currently owned by a thread: None

Heap:
 PSYoungGen      total 57344K, used 42554K [0x00000000eab00000, 0x00000000eeb00000, 0x0000000100000000)
  eden space 49152K, 86% used [0x00000000eab00000,0x00000000ed48e8a0,0x00000000edb00000)
  from space 8192K, 0% used [0x00000000ee300000,0x00000000ee300000,0x00000000eeb00000)
  to   space 8192K, 0% used [0x00000000edb00000,0x00000000edb00000,0x00000000ee300000)
 ParOldGen       total 131072K, used 0K [0x00000000c0000000, 0x00000000c8000000, 0x00000000eab00000)
  object space 131072K, 0% used [0x00000000c0000000,0x00000000c0000000,0x00000000c8000000)
 Metaspace       used 6096K, capacity 7026K, committed 7296K, reserved 1056768K
  class space    used 604K, capacity 618K, committed 640K, reserved 1048576K

Card table byte_map: [0x0000000012000000,0x0000000012210000] byte_map_base: 0x0000000011a00000

Marking Bits: (ParMarkBitMap*) 0x000000005bcf2f70
 Begin Bits: [0x0000000012b70000, 0x0000000013b70000)
 End Bits:   [0x0000000013b70000, 0x0000000014b70000)

Polling page: 0x00000000029d0000

CodeCache: size=245760Kb used=5671Kb max_used=5671Kb free=240088Kb
 bounds [0x0000000002c40000, 0x00000000031e0000, 0x0000000011c40000]
 total_blobs=1641 nmethods=1372 adapters=182
 compilation: enabled

Compilation events (10 events):
Event: 2.642 Thread 0x0000000017683800 1371       1       com.android.dx.rop.annotation.NameValuePair::getValue (5 bytes)
Event: 2.642 Thread 0x0000000017683800 nmethod 1371 0x00000000031bd550 code [0x00000000031bd6a0, 0x00000000031bd7b0]
Event: 2.643 Thread 0x0000000017683800 1373       3       com.android.dx.rop.type.Type::getInitializedType (42 bytes)
Event: 2.644 Thread 0x0000000017683800 nmethod 1373 0x000000000319b790 code [0x000000000319b960, 0x000000000319c178]
Event: 2.648 Thread 0x0000000017683800 1375       1       com.android.dx.ssa.back.FirstFitLocalCombiningAllocator$Multiset::getSize (5 bytes)
Event: 2.648 Thread 0x0000000017683800 nmethod 1375 0x000000000319b4d0 code [0x000000000319b620, 0x000000000319b730]
Event: 2.652 Thread 0x0000000017683800 1376       3       com.android.dx.util.ByteArray::getByte0 (12 bytes)
Event: 2.652 Thread 0x0000000017683800 nmethod 1376 0x000000000319b110 code [0x000000000319b260, 0x000000000319b3d0]
Event: 2.653 Thread 0x0000000017683800 1377       3       com.android.dx.ssa.SCCP::simulateBranch (666 bytes)
Event: 2.656 Thread 0x0000000017683800 nmethod 1377 0x00000000031cd690 code [0x00000000031cdb40, 0x00000000031d1718]

GC Heap History (0 events):
No events

Deoptimization events (9 events):
Event: 0.211 Thread 0x0000000002b41000 Uncommon trap: reason=unstable_if action=reinterpret pc=0x0000000002d93294 method=java.lang.String.compareTo(Ljava/lang/String;)I @ 38
Event: 0.696 Thread 0x00000000179d0000 Uncommon trap: reason=bimorphic action=maybe_recompile pc=0x0000000002e73fc0 method=java.util.HashMap.getNode(ILjava/lang/Object;)Ljava/util/HashMap$Node; @ 126
Event: 0.700 Thread 0x0000000002b41000 Uncommon trap: reason=unstable_if action=reinterpret pc=0x0000000002e73f9c method=java.util.HashMap.getNode(ILjava/lang/Object;)Ljava/util/HashMap$Node; @ 129
Event: 1.168 Thread 0x0000000002b41000 Uncommon trap: reason=unstable_if action=reinterpret pc=0x0000000002ee5044 method=com.android.dx.rop.code.RegisterSpec.equals(ILcom/android/dx/rop/type/TypeBearer;Lcom/android/dx/rop/code/LocalItem;)Z @ 42
Event: 1.937 Thread 0x00000000184d6000 Uncommon trap: reason=unstable_if action=reinterpret pc=0x0000000002f22f6c method=com.android.dx.rop.code.RegisterSpecSet.put(Lcom/android/dx/rop/code/RegisterSpec;)V @ 77
Event: 1.937 Thread 0x00000000184d6000 Uncommon trap: reason=unstable_if action=reinterpret pc=0x0000000002fe23e0 method=com.android.dx.rop.code.RegisterSpecSet.put(Lcom/android/dx/rop/code/RegisterSpec;)V @ 77
Event: 2.558 Thread 0x00000000184d6000 Uncommon trap: reason=bimorphic action=maybe_recompile pc=0x00000000031a0c5c method=com.android.dx.cf.code.BytecodeArray.parseInstruction(ILcom/android/dx/cf/code/BytecodeArray$Visitor;)I @ 2484
Event: 2.558 Thread 0x00000000184d6000 Uncommon trap: reason=bimorphic action=maybe_recompile pc=0x00000000031a0c5c method=com.android.dx.cf.code.BytecodeArray.parseInstruction(ILcom/android/dx/cf/code/BytecodeArray$Visitor;)I @ 2484
Event: 2.649 Thread 0x00000000184d6000 Uncommon trap: reason=unstable_if action=reinterpret pc=0x0000000003178d48 method=com.android.dx.ssa.SCCP.simulateBranch(Lcom/android/dx/ssa/SsaInsn;)V @ 107

Internal exceptions (2 events):
Event: 0.044 Thread 0x0000000002b41000 Exception <a 'java/lang/NoSuchMethodError': Method sun.misc.Unsafe.defineClass(Ljava/lang/String;[BII)Ljava/lang/Class; name or signature does not match> (0x00000000eab07cc0) thrown at [C:\re\workspace\8-2-build-windows-amd64-cygwin\jdk8u91\7017\hotspot\sr Xœêß¶?
Event: 0.044 Thread 0x0000000002b41000 Exception <a 'java/lang/NoSuchMethodError': Method sun.misc.Unsafe.prefetchRead(Ljava/lang/Object;J)V name or signature does not match> (0x00000000eab07fa8) thrown at [C:\re\workspace\8-2-build-windows-amd64-cygwin\jdk8u91\7017\hotspot\src\share\vm\prims\j

Events (10 events):
Event: 1.937 Thread 0x00000000184d6000 DEOPT UNPACKING pc=0x0000000002c8582a sp=0x000000001915ec70 mode 2
Event: 2.558 Thread 0x00000000184d6000 Uncommon trap: trap_request=0xffffffc6 fr.pc=0x00000000031a0c5c
Event: 2.558 Thread 0x00000000184d6000 DEOPT PACKING pc=0x00000000031a0c5c sp=0x000000001915ed10
Event: 2.558 Thread 0x00000000184d6000 DEOPT UNPACKING pc=0x0000000002c8582a sp=0x000000001915ec98 mode 2
Event: 2.558 Thread 0x00000000184d6000 Uncommon trap: trap_request=0xffffffc6 fr.pc=0x00000000031a0c5c
Event: 2.558 Thread 0x00000000184d6000 DEOPT PACKING pc=0x00000000031a0c5c sp=0x000000001915ead0
Event: 2.558 Thread 0x00000000184d6000 DEOPT UNPACKING pc=0x0000000002c8582a sp=0x000000001915ea58 mode 2
Event: 2.649 Thread 0x00000000184d6000 Uncommon trap: trap_request=0xffffff65 fr.pc=0x0000000003178d48
Event: 2.649 Thread 0x00000000184d6000 DEOPT PACKING pc=0x0000000003178d48 sp=0x000000001915ecc0
Event: 2.649 Thread 0x00000000184d6000 DEOPT UNPACKING pc=0x0000000002c8582a sp=0x000000001915ec78 mode 2


Dynamic libraries:
0x00007ff62c6f0000 - 0x00007ff62c727000 	C:\Program Files\Java\jdk1.8.0_91\bin\java.exe
0x00007ffbc1650000 - 0x00007ffbc1811000 	C:\Windows\SYSTEM32\ntdll.dll
0x00007ffbbf6e0000 - 0x00007ffbbf78d000 	C:\Windows\system32\KERNEL32.DLL
0x00007ffbbe860000 - 0x00007ffbbea48000 	C:\Windows\system32\KERNELBASE.dll
0x00007ffbc1590000 - 0x00007ffbc1637000 	C:\Windows\system32\ADVAPI32.dll
0x00007ffbbf350000 - 0x00007ffbbf3ed000 	C:\Windows\system32\msvcrt.dll
0x00007ffbc1320000 - 0x00007ffbc137b000 	C:\Windows\system32\sechost.dll
0x00007ffbbef50000 - 0x00007ffbbf06c000 	C:\Windows\system32\RPCRT4.dll
0x00007ffbc1380000 - 0x00007ffbc14d6000 	C:\Windows\system32\USER32.dll
0x00007ffbc0f70000 - 0x00007ffbc10f6000 	C:\Windows\system32\GDI32.dll
0x00007ffbae390000 - 0x00007ffbae604000 	C:\Windows\WinSxS\amd64_microsoft.windows.common-controls_6595b64144ccf1df_6.0.10586.0_none_8c15ae12515e1c22\COMCTL32.dll
0x00007ffbbf0d0000 - 0x00007ffbbf34d000 	C:\Windows\system32\combase.dll
0x00007ffbbdd00000 - 0x00007ffbbdd6a000 	C:\Windows\system32\bcryptPrimitives.dll
0x00007ffbbf400000 - 0x00007ffbbf43b000 	C:\Windows\system32\IMM32.DLL
0x000000005a4f0000 - 0x000000005a5c2000 	C:\Program Files\Java\jdk1.8.0_91\jre\bin\msvcr100.dll
0x000000005b4e0000 - 0x000000005bd73000 	C:\Program Files\Java\jdk1.8.0_91\jre\bin\server\jvm.dll
0x00007ffbc1640000 - 0x00007ffbc1648000 	C:\Windows\system32\PSAPI.DLL
0x00007ffbae610000 - 0x00007ffbae619000 	C:\Windows\SYSTEM32\WSOCK32.dll
0x00007ffbc1100000 - 0x00007ffbc116b000 	C:\Windows\system32\WS2_32.dll
0x00007ffbbc090000 - 0x00007ffbbc0b3000 	C:\Windows\SYSTEM32\WINMM.dll
0x00007ffbb0540000 - 0x00007ffbb054a000 	C:\Windows\SYSTEM32\VERSION.dll
0x00007ffbbc030000 - 0x00007ffbbc05c000 	C:\Windows\SYSTEM32\WINMMBASE.dll
0x00007ffbbdd70000 - 0x00007ffbbddb3000 	C:\Windows\system32\cfgmgr32.dll
0x000000005c240000 - 0x000000005c24f000 	C:\Program Files\Java\jdk1.8.0_91\jre\bin\verify.dll
0x000000005b3d0000 - 0x000000005b3f9000 	C:\Program Files\Java\jdk1.8.0_91\jre\bin\java.dll
0x000000005b3b0000 - 0x000000005b3c6000 	C:\Program Files\Java\jdk1.8.0_91\jre\bin\zip.dll
0x00007ffbbfa10000 - 0x00007ffbc0f6c000 	C:\Windows\system32\SHELL32.dll
0x00007ffbbe160000 - 0x00007ffbbe7a4000 	C:\Windows\system32\windows.storage.dll
0x00007ffbbea50000 - 0x00007ffbbeaa2000 	C:\Windows\system32\shlwapi.dll
0x00007ffbbdcf0000 - 0x00007ffbbdcff000 	C:\Windows\system32\kernel.appcore.dll
0x00007ffbbddc0000 - 0x00007ffbbde75000 	C:\Windows\system32\shcore.dll
0x00007ffbbdc80000 - 0x00007ffbbdccb000 	C:\Windows\system32\powrprof.dll
0x00007ffbbdcd0000 - 0x00007ffbbdce4000 	C:\Windows\system32\profapi.dll

VM Arguments:
jvm_args: -Djava.awt.headless=true -Xmx1024M -Dfile.encoding=windows-1252 -Duser.country=EC -Duser.language=es -Duser.variant 
java_command: com.android.dx.command.Main --dex --force-jumbo --num-threads=4 --multi-dex --output C:\proyectosAndroidGit\AdminLibrosMov\app\build\intermediates\transforms\dex\debug\folders\1000\10\com.android.support-appcompat-v7-24.0.0_fed7cfed02e2b2abb9e834b79dc0304ef6a304e0 C:\proyectosAndroidGit\AdminLibrosMov\app\build\intermediates\exploded-aar\com.android.support\appcompat-v7\24.0.0\jars\classes.jar
java_class_path (initial): C:\Users\PedroW10\AppData\Local\Android\sdk\build-tools\23.0.3\lib\dx.jar
Launcher Type: SUN_STANDARD

Environment Variables:
PATH=C:\ProgramData\Oracle\Java\javapath;C:\Windows\system32;C:\Windows;C:\Windows\System32\Wbem;C:\Windows\System32\WindowsPowerShell\v1.0\;C:\Program Files\nodejs\;C:\Program Files\Git\cmd;C:\Program Files (x86)\MySQL\MySQL Fabric 1.5 & MySQL Utilities 1.5\;C:\Program Files (x86)\MySQL\MySQL Fabric 1.5 & MySQL Utilities 1.5\Doctrine extensions for PHP\;C:\Users\PedroW10\AppData\Local\Android\sdk\platform-tools;C:\Users\PedroW10\AppData\Local\Android\sdk\tools;C:\Program Files\apache-ant-1.9.7\bin;C:\Program Files\Java\jdk1.8.0_91\bin;C:\Program Files (x86)\sonar-runner-2.4\bin;C:\HashiCorp\Vagrant\bin;C:\Users\PedroW10\AppData\Roaming\npm;C:\Program Files (x86)\EaseUS\Todo Backup\bin\x64\
USERNAME=PedroW10
OS=Windows_NT
PROCESSOR_IDENTIFIER=Intel64 Family 6 Model 60 Stepping 3, GenuineIntel



---------------  S Y S T E M  ---------------

OS: Windows 10.0 , 64 bit Build 10586 (10.0.10586.0)

CPU:total 8 (4 cores per cpu, 2 threads per core) family 6 model 60 stepping 3, cmov, cx8, fxsr, mmx, sse, sse2, sse3, ssse3, sse4.1, sse4.2, popcnt, avx, avx2, aes, clmul, erms, lzcnt, ht, tsc, tscinvbit, bmi1, bmi2

Memory: 4k page, physical 12497068k(2040464k free), swap 12497068k(4096k free)

vm_info: Java HotSpot(TM) 64-Bit Server VM (25.91-b15) for windows-amd64 JRE (1.8.0_91-b15), built on May 20 2016 17:43:15 by "java_re" with MS VC++ 10.0 (VS2010)

time: Tue Jul 19 08:26:55 2016
elapsed time: 2 seconds (0d 0h 0m 2s)

