#
# There is insufficient memory for the Java Runtime Environment to continue.
# Native memory allocation (malloc) failed to allocate 32744 bytes for ChunkPool::allocate
# Possible reasons:
#   The system is out of physical RAM or swap space
#   In 32 bit mode, the process size limit was hit
# Possible solutions:
#   Reduce memory load on the system
#   Increase physical memory or swap space
#   Check if swap backing store is full
#   Use 64 bit Java on a 64 bit OS
#   Decrease Java heap size (-Xmx/-Xms)
#   Decrease number of Java threads
#   Decrease Java thread stack sizes (-Xss)
#   Set larger code cache with -XX:ReservedCodeCacheSize=
# This output file may be truncated or incomplete.
#
#  Out of Memory Error (allocation.cpp:273), pid=10596, tid=2608
#
# JRE version: Java(TM) SE Runtime Environment (8.0_91-b15) (build 1.8.0_91-b15)
# Java VM: Java HotSpot(TM) 64-Bit Server VM (25.91-b15 mixed mode windows-amd64 compressed oops)
# Failed to write core dump. Minidumps are not enabled by default on client versions of Windows
#

---------------  T H R E A D  ---------------

Current thread (0x0000000017bc2800):  JavaThread "C2 CompilerThread1" daemon [_thread_in_native, id=2608, stack(0x0000000018490000,0x0000000018590000)]

Stack: [0x0000000018490000,0x0000000018590000]
[error occurred during error reporting (printing stack bounds), id 0xc0000005]

Native frames: (J=compiled Java code, j=interpreted, Vv=VM code, C=native code)


Current CompileTask:
C2:   2473 1184       4       com.android.dx.ssa.SCCP::simulateStmt (481 bytes)


---------------  P R O C E S S  ---------------

Java Threads: ( => current thread )
  0x00000000189b3800 JavaThread "pool-2-thread-4" [_thread_in_Java, id=11944, stack(0x0000000019590000,0x0000000019690000)]
  0x00000000189b1000 JavaThread "pool-2-thread-3" [_thread_in_Java, id=10136, stack(0x0000000019490000,0x0000000019590000)]
  0x00000000189b0800 JavaThread "pool-2-thread-2" [_thread_in_Java, id=12240, stack(0x0000000019390000,0x0000000019490000)]
  0x0000000017e9d800 JavaThread "pool-3-thread-1" [_thread_blocked, id=5460, stack(0x0000000019290000,0x0000000019390000)]
  0x0000000017e9b000 JavaThread "pool-2-thread-1" [_thread_in_Java, id=5792, stack(0x0000000019190000,0x0000000019290000)]
  0x0000000017c2c000 JavaThread "Service Thread" daemon [_thread_blocked, id=5132, stack(0x0000000018790000,0x0000000018890000)]
  0x0000000017be1000 JavaThread "C1 CompilerThread3" daemon [_thread_in_vm, id=8080, stack(0x0000000018690000,0x0000000018790000)]
  0x0000000017bce800 JavaThread "C2 CompilerThread2" daemon [_thread_in_native, id=5448, stack(0x0000000018590000,0x0000000018690000)]
=>0x0000000017bc2800 JavaThread "C2 CompilerThread1" daemon [_thread_in_native, id=2608, stack(0x0000000018490000,0x0000000018590000)]
  0x0000000017bb8000 JavaThread "C2 CompilerThread0" daemon [_thread_in_native, id=6916, stack(0x0000000018390000,0x0000000018490000)]
  0x0000000017bb6800 JavaThread "Attach Listener" daemon [_thread_blocked, id=9120, stack(0x0000000018290000,0x0000000018390000)]
  0x0000000015cae800 JavaThread "Signal Dispatcher" daemon [_thread_blocked, id=12252, stack(0x0000000018190000,0x0000000018290000)]
  0x000000000317d800 JavaThread "Finalizer" daemon [_thread_blocked, id=10696, stack(0x0000000017f90000,0x0000000018090000)]
  0x0000000003176000 JavaThread "Reference Handler" daemon [_thread_blocked, id=8956, stack(0x0000000017a90000,0x0000000017b90000)]
  0x0000000003083000 JavaThread "main" [_thread_blocked, id=11312, stack(0x0000000002f50000,0x0000000003050000)]

Other Threads:
  0x0000000015c99800 VMThread [stack: 0x0000000017990000,0x0000000017a90000] [id=1100]
  0x0000000017c31000 WatcherThread [stack: 0x0000000018890000,0x0000000018990000] [id=9140]

VM state:not at safepoint (normal execution)

VM Mutex/Monitor currently owned by a thread: None

Heap:
 PSYoungGen      total 57344K, used 41330K [0x00000000eab00000, 0x00000000eeb00000, 0x0000000100000000)
  eden space 49152K, 84% used [0x00000000eab00000,0x00000000ed35cb40,0x00000000edb00000)
  from space 8192K, 0% used [0x00000000ee300000,0x00000000ee300000,0x00000000eeb00000)
  to   space 8192K, 0% used [0x00000000edb00000,0x00000000edb00000,0x00000000ee300000)
 ParOldGen       total 131072K, used 0K [0x00000000c0000000, 0x00000000c8000000, 0x00000000eab00000)
  object space 131072K, 0% used [0x00000000c0000000,0x00000000c0000000,0x00000000c8000000)
 Metaspace       used 6024K, capacity 6960K, committed 7040K, reserved 1056768K
  class space    used 598K, capacity 616K, committed 640K, reserved 1048576K

Card table byte_map: [0x0000000012540000,0x0000000012750000] byte_map_base: 0x0000000011f40000

Marking Bits: (ParMarkBitMap*) 0x000000005bcf2f70
 Begin Bits: [0x00000000130b0000, 0x00000000140b0000)
 End Bits:   [0x00000000140b0000, 0x00000000150b0000)

Polling page: 0x0000000002ea0000

CodeCache: size=245760Kb used=4844Kb max_used=4857Kb free=240915Kb
 bounds [0x0000000003180000, 0x0000000003650000, 0x0000000012180000]
 total_blobs=1512 nmethods=1243 adapters=182
 compilation: enabled

Compilation events (10 events):
Event: 2.435 Thread 0x0000000017be1000 1247       3       com.android.dx.ssa.SsaBasicBlock::replaceSuccessor (125 bytes)
Event: 2.436 Thread 0x0000000017be1000 nmethod 1247 0x000000000363ca10 code [0x000000000363cca0, 0x000000000363db18]
Event: 2.436 Thread 0x0000000017be1000 1246       3       com.android.dx.ssa.SsaMethod::onInsnsChanged (16 bytes)
Event: 2.436 Thread 0x0000000017be1000 nmethod 1246 0x0000000003632c90 code [0x0000000003632de0, 0x0000000003632f70]
Event: 2.436 Thread 0x0000000017be1000 1236       3       com.android.dx.ssa.SsaMethod::getGoto (26 bytes)
Event: 2.437 Thread 0x0000000017be1000 nmethod 1236 0x000000000363e490 code [0x000000000363e640, 0x000000000363ebb8]
Event: 2.437 Thread 0x0000000017be1000 1249       3       com.android.dx.cf.code.ExecutionStack::peekType (11 bytes)
Event: 2.437 Thread 0x0000000017be1000 nmethod 1249 0x0000000003632790 code [0x0000000003632900, 0x0000000003632bb8]
Event: 2.446 Thread 0x0000000017bb8000 nmethod 1243 0x0000000003642250 code [0x00000000036423e0, 0x0000000003642c08]
Event: 2.446 Thread 0x0000000017bb8000 1245       4       com.android.dx.ssa.SCCP::simulateBranch (666 bytes)

GC Heap History (0 events):
No events

Deoptimization events (7 events):
Event: 1.721 Thread 0x00000000189b1000 Uncommon trap: reason=unstable_if action=reinterpret pc=0x00000000033a85b0 method=java.util.BitSet.nextSetBit(I)I @ 87
Event: 2.023 Thread 0x0000000017e9b000 Uncommon trap: reason=class_check action=maybe_recompile pc=0x000000000343b0c4 method=com.android.dx.ssa.NormalSsaInsn.accept(Lcom/android/dx/ssa/SsaInsn$Visitor;)V @ 9
Event: 2.074 Thread 0x0000000017e9b000 Uncommon trap: reason=class_check action=maybe_recompile pc=0x000000000343b0c4 method=com.android.dx.ssa.NormalSsaInsn.accept(Lcom/android/dx/ssa/SsaInsn$Visitor;)V @ 9
Event: 2.074 Thread 0x0000000017e9b000 Uncommon trap: reason=class_check action=maybe_recompile pc=0x000000000343b0c4 method=com.android.dx.ssa.NormalSsaInsn.accept(Lcom/android/dx/ssa/SsaInsn$Visitor;)V @ 9
Event: 2.074 Thread 0x0000000017e9b000 Uncommon trap: reason=class_check action=maybe_recompile pc=0x000000000343b0c4 method=com.android.dx.ssa.NormalSsaInsn.accept(Lcom/android/dx/ssa/SsaInsn$Visitor;)V @ 9
Event: 2.074 Thread 0x0000000017e9b000 Uncommon trap: reason=class_check action=maybe_recompile pc=0x00000000033bc130 method=com.android.dx.ssa.NormalSsaInsn.accept(Lcom/android/dx/ssa/SsaInsn$Visitor;)V @ 9
Event: 2.286 Thread 0x00000000189b0800 Uncommon trap: reason=unstable_if action=reinterpret pc=0x0000000003529fb8 method=com.android.dx.cf.code.Ropper.labelToResultIndex(I)I @ 34

Internal exceptions (2 events):
Event: 0.109 Thread 0x0000000003083000 Exception <a 'java/lang/NoSuchMethodError': Method sun.misc.Unsafe.defineClass(Ljava/lang/String;[BII)Ljava/lang/Class; name or signature does not match> (0x00000000eab07cc0) thrown at [C:\re\workspace\8-2-build-windows-amd64-cygwin\jdk8u91\7017\hotspot\sr0€5ø»?
Event: 0.109 Thread 0x0000000003083000 Exception <a 'java/lang/NoSuchMethodError': Method sun.misc.Unsafe.prefetchRead(Ljava/lang/Object;J)V name or signature does not match> (0x00000000eab07fa8) thrown at [C:\re\workspace\8-2-build-windows-amd64-cygwin\jdk8u91\7017\hotspot\src\share\vm\prims\j

Events (10 events):
Event: 2.402 loading class com/android/dx/cf/direct/AnnotationParser
Event: 2.402 loading class com/android/dx/cf/direct/AnnotationParser done
Event: 2.404 loading class com/android/dx/cf/attrib/AttRuntimeVisibleAnnotations
Event: 2.404 loading class com/android/dx/cf/attrib/AttRuntimeVisibleAnnotations done
Event: 2.404 loading class com/android/dx/cf/attrib/BaseAnnotations
Event: 2.404 loading class com/android/dx/cf/attrib/BaseAnnotations done
Event: 2.422 loading class com/android/dx/cf/code/BytecodeArray$ConstantParserVisitor
Event: 2.422 loading class com/android/dx/cf/code/BytecodeArray$ConstantParserVisitor done
Event: 2.435 loading class com/android/dx/cf/code/SwitchList
Event: 2.435 loading class com/android/dx/cf/code/SwitchList done


Dynamic libraries:
0x00007ff62c6f0000 - 0x00007ff62c727000 	C:\Program Files\Java\jdk1.8.0_91\bin\java.exe
0x00007ffbc1650000 - 0x00007ffbc1811000 	C:\Windows\SYSTEM32\ntdll.dll
0x00007ffbbf6e0000 - 0x00007ffbbf78d000 	C:\Windows\system32\KERNEL32.DLL
0x00007ffbbe860000 - 0x00007ffbbea48000 	C:\Windows\system32\KERNELBASE.dll
0x00007ffbc1590000 - 0x00007ffbc1637000 	C:\Windows\system32\ADVAPI32.dll
0x00007ffbbf350000 - 0x00007ffbbf3ed000 	C:\Windows\system32\msvcrt.dll
0x00007ffbc1320000 - 0x00007ffbc137b000 	C:\Windows\system32\sechost.dll
0x00007ffbbef50000 - 0x00007ffbbf06c000 	C:\Windows\system32\RPCRT4.dll
0x00007ffbc1380000 - 0x00007ffbc14d6000 	C:\Windows\system32\USER32.dll
0x00007ffbc0f70000 - 0x00007ffbc10f6000 	C:\Windows\system32\GDI32.dll
0x00007ffbae390000 - 0x00007ffbae604000 	C:\Windows\WinSxS\amd64_microsoft.windows.common-controls_6595b64144ccf1df_6.0.10586.0_none_8c15ae12515e1c22\COMCTL32.dll
0x00007ffbbf0d0000 - 0x00007ffbbf34d000 	C:\Windows\system32\combase.dll
0x00007ffbbdd00000 - 0x00007ffbbdd6a000 	C:\Windows\system32\bcryptPrimitives.dll
0x00007ffbbf400000 - 0x00007ffbbf43b000 	C:\Windows\system32\IMM32.DLL
0x000000005a4f0000 - 0x000000005a5c2000 	C:\Program Files\Java\jdk1.8.0_91\jre\bin\msvcr100.dll
0x000000005b4e0000 - 0x000000005bd73000 	C:\Program Files\Java\jdk1.8.0_91\jre\bin\server\jvm.dll
0x00007ffbc1640000 - 0x00007ffbc1648000 	C:\Windows\system32\PSAPI.DLL
0x00007ffbb0540000 - 0x00007ffbb054a000 	C:\Windows\SYSTEM32\VERSION.dll
0x00007ffbae610000 - 0x00007ffbae619000 	C:\Windows\SYSTEM32\WSOCK32.dll
0x00007ffbbc090000 - 0x00007ffbbc0b3000 	C:\Windows\SYSTEM32\WINMM.dll
0x00007ffbc1100000 - 0x00007ffbc116b000 	C:\Windows\system32\WS2_32.dll
0x0000000001700000 - 0x000000000172c000 	C:\Windows\SYSTEM32\WINMMBASE.dll
0x00007ffbbdd70000 - 0x00007ffbbddb3000 	C:\Windows\system32\cfgmgr32.dll
0x000000005c240000 - 0x000000005c24f000 	C:\Program Files\Java\jdk1.8.0_91\jre\bin\verify.dll
0x000000005b3d0000 - 0x000000005b3f9000 	C:\Program Files\Java\jdk1.8.0_91\jre\bin\java.dll
0x000000005b3b0000 - 0x000000005b3c6000 	C:\Program Files\Java\jdk1.8.0_91\jre\bin\zip.dll
0x00007ffbbfa10000 - 0x00007ffbc0f6c000 	C:\Windows\system32\SHELL32.dll
0x00007ffbbe160000 - 0x00007ffbbe7a4000 	C:\Windows\system32\windows.storage.dll
0x00007ffbbea50000 - 0x00007ffbbeaa2000 	C:\Windows\system32\shlwapi.dll
0x00007ffbbdcf0000 - 0x00007ffbbdcff000 	C:\Windows\system32\kernel.appcore.dll
0x00007ffbbddc0000 - 0x00007ffbbde75000 	C:\Windows\system32\shcore.dll
0x00007ffbbdc80000 - 0x00007ffbbdccb000 	C:\Windows\system32\powrprof.dll
0x00007ffbbdcd0000 - 0x00007ffbbdce4000 	C:\Windows\system32\profapi.dll

VM Arguments:
jvm_args: -Djava.awt.headless=true -Xmx1024M -Dfile.encoding=windows-1252 -Duser.country=EC -Duser.language=es -Duser.variant 
java_command: com.android.dx.command.Main --dex --force-jumbo --num-threads=4 --multi-dex --output C:\proyectosAndroidGit\AdminLibrosMov\app\build\intermediates\transforms\dex\debug\folders\1000\10\spring-android-rest-template-1.0.1.RELEASE_8849b210702b92e7c490d8790031b56393d8e734 C:\Users\PedroW10\.gradle\caches\modules-2\files-2.1\org.springframework.android\spring-android-rest-template\1.0.1.RELEASE\e132d929bd181941f79b0d63edafb8a86ae6fd33\spring-android-rest-template-1.0.1.RELEASE.jar
java_class_path (initial): C:\Users\PedroW10\AppData\Local\Android\sdk\build-tools\23.0.3\lib\dx.jar
Launcher Type: SUN_STANDARD

Environment Variables:
PATH=C:\ProgramData\Oracle\Java\javapath;C:\Windows\system32;C:\Windows;C:\Windows\System32\Wbem;C:\Windows\System32\WindowsPowerShell\v1.0\;C:\Program Files\nodejs\;C:\Program Files\Git\cmd;C:\Program Files (x86)\MySQL\MySQL Fabric 1.5 & MySQL Utilities 1.5\;C:\Program Files (x86)\MySQL\MySQL Fabric 1.5 & MySQL Utilities 1.5\Doctrine extensions for PHP\;C:\Users\PedroW10\AppData\Local\Android\sdk\platform-tools;C:\Users\PedroW10\AppData\Local\Android\sdk\tools;C:\Program Files\apache-ant-1.9.7\bin;C:\Program Files\Java\jdk1.8.0_91\bin;C:\Program Files (x86)\sonar-runner-2.4\bin;C:\HashiCorp\Vagrant\bin;C:\Users\PedroW10\AppData\Roaming\npm;C:\Program Files (x86)\EaseUS\Todo Backup\bin\x64\
USERNAME=PedroW10
OS=Windows_NT
PROCESSOR_IDENTIFIER=Intel64 Family 6 Model 60 Stepping 3, GenuineIntel



---------------  S Y S T E M  ---------------

OS: Windows 10.0 , 64 bit Build 10586 (10.0.10586.0)

CPU:total 8 (4 cores per cpu, 2 threads per core) family 6 model 60 stepping 3, cmov, cx8, fxsr, mmx, sse, sse2, sse3, ssse3, sse4.1, sse4.2, popcnt, avx, avx2, aes, clmul, erms, lzcnt, ht, tsc, tscinvbit, bmi1, bmi2

Memory: 4k page, physical 12497068k(2040492k free), swap 12497068k(4084k free)

vm_info: Java HotSpot(TM) 64-Bit Server VM (25.91-b15) for windows-amd64 JRE (1.8.0_91-b15), built on May 20 2016 17:43:15 by "java_re" with MS VC++ 10.0 (VS2010)

time: Tue Jul 19 08:26:55 2016
elapsed time: 2 seconds (0d 0h 0m 2s)

